<?xml version="1.0" encoding="UTF-8"?>
<!-- Generated by org.testng.reporters.JUnitXMLReporter -->
<testsuite ignored="0" hostname="saibolloju" failures="1" tests="1" name="Errorvalidation" time="15.918" errors="0" timestamp="2023-07-14T10:44:58 IST">
  <testcase classname="RahulshettyWebsiteMain.ErrorValidationTest" name="LoginErrorValidatonTest" time="0.912">
    <failure type="java.lang.AssertionError" message="expected [Incorrect email or password.] but found [Incorrectd email or password.]">
      <![CDATA[java.lang.AssertionError: expected [Incorrect email or password.] but found [Incorrectd email or password.]
at RahulshettyWebsiteMain.ErrorValidationTest.LoginErrorValidatonTest(ErrorValidationTest.java:15)
at java.base/java.util.ArrayList.forEach(ArrayList.java:1511)
at java.base/java.util.concurrent.FutureTask.run(FutureTask.java:264)
at java.base/java.util.concurrent.ThreadPoolExecutor.runWorker(ThreadPoolExecutor.java:1136)
at java.base/java.util.concurrent.ThreadPoolExecutor$Worker.run(ThreadPoolExecutor.java:635)
at java.base/java.lang.Thread.run(Thread.java:833)
... Removed 23 stack frames]]>
    </failure>
  </testcase> <!-- LoginErrorValidatonTest -->
</testsuite> <!-- Errorvalidation -->
