<?xml version="1.0" encoding="UTF-8"?>
<!-- Generated by org.testng.reporters.JUnitXMLReporter -->
<testsuite ignored="0" hostname="saibolloju" failures="1" tests="1" name="flightTicket" time="24.428" errors="0" timestamp="2023-07-10T12:07:28 IST">
  <testcase classname="flightticket.maincode" name="flight" time="23.944">
    <failure type="java.lang.IndexOutOfBoundsException" message="Index 2 out of bounds for length 0">
      <![CDATA[java.lang.IndexOutOfBoundsException: Index 2 out of bounds for length 0
at java.base/jdk.internal.util.Preconditions.outOfBounds(Preconditions.java:64)
at java.base/jdk.internal.util.Preconditions.outOfBoundsCheckIndex(Preconditions.java:70)
at java.base/jdk.internal.util.Preconditions.checkIndex(Preconditions.java:266)
at java.base/java.util.Objects.checkIndex(Objects.java:361)
at java.base/java.util.ArrayList.get(ArrayList.java:427)
at org.openqa.selenium.support.pagefactory.internal.LocatingElementListHandler.invoke(LocatingElementListHandler.java:40)
at jdk.proxy2/jdk.proxy2.$Proxy16.get(Unknown Source)
at FlightTicket.websiteEnter.day(websiteEnter.java:107)
at flightticket.maincode.flight(maincode.java:28)
at java.base/java.util.ArrayList.forEach(ArrayList.java:1511)
at java.base/java.util.concurrent.FutureTask.run(FutureTask.java:264)
at java.base/java.util.concurrent.ThreadPoolExecutor.runWorker(ThreadPoolExecutor.java:1136)
at java.base/java.util.concurrent.ThreadPoolExecutor$Worker.run(ThreadPoolExecutor.java:635)
at java.base/java.lang.Thread.run(Thread.java:833)
... Removed 21 stack frames]]>
    </failure>
  </testcase> <!-- flight -->
</testsuite> <!-- flightTicket -->
