<?xml version="1.0" encoding="UTF-8"?>
<testng-results ignored="0" total="1" passed="1" failed="0" skipped="0">
  <reporter-output>
  </reporter-output>
  <suite started-at="2023-07-17T10:20:18 IST" name="Default suite" finished-at="2023-07-17T10:20:28 IST" duration-ms="9496">
    <groups>
    </groups>
    <test started-at="2023-07-17T10:20:18 IST" name="Default test" finished-at="2023-07-17T10:20:28 IST" duration-ms="9496">
      <class name="RahulshettyWebsiteMain.ErrorValidationTest">
        <test-method is-config="true" signature="lanchApplication()[pri:0, instance:RahulshettyWebsiteMain.ErrorValidationTest@644baf4a]" started-at="2023-07-17T10:20:18 IST" name="lanchApplication" finished-at="2023-07-17T10:20:27 IST" duration-ms="8159" status="PASS">
          <reporter-output>
          </reporter-output>
        </test-method> <!-- lanchApplication -->
        <test-method signature="LoginErrorValidatonTest()[pri:0, instance:RahulshettyWebsiteMain.ErrorValidationTest@644baf4a]" started-at="2023-07-17T10:20:27 IST" name="LoginErrorValidatonTest" finished-at="2023-07-17T10:20:27 IST" duration-ms="890" status="PASS">
          <reporter-output>
          </reporter-output>
        </test-method> <!-- LoginErrorValidatonTest -->
        <test-method is-config="true" signature="close()[pri:0, instance:RahulshettyWebsiteMain.ErrorValidationTest@644baf4a]" started-at="2023-07-17T10:20:27 IST" name="close" finished-at="2023-07-17T10:20:28 IST" duration-ms="335" status="PASS">
          <reporter-output>
          </reporter-output>
        </test-method> <!-- close -->
      </class> <!-- RahulshettyWebsiteMain.ErrorValidationTest -->
    </test> <!-- Default test -->
  </suite> <!-- Default suite -->
</testng-results>
